<?xml version="1.0" encoding="UTF-8"?>
<testng-results skipped="0" failed="0" total="1" passed="1">
  <reporter-output>
  </reporter-output>
  <suite name="Default suite" duration-ms="68418" started-at="2016-10-01T07:43:22Z" finished-at="2016-10-01T07:44:30Z">
    <groups>
    </groups>
    <test name="Default test" duration-ms="68418" started-at="2016-10-01T07:43:22Z" finished-at="2016-10-01T07:44:30Z">
      <class name="demose.demose.App">
        <test-method status="PASS" signature="beforeTest()[pri:0, instance:demose.demose.App@6a469846]" name="beforeTest" is-config="true" duration-ms="6817" started-at="2016-10-01T13:13:22Z" finished-at="2016-10-01T13:13:29Z">
          <reporter-output>
          </reporter-output>
        </test-method> <!-- beforeTest -->
        <test-method status="PASS" signature="testEasy()[pri:0, instance:demose.demose.App@6a469846]" name="testEasy" duration-ms="61586" started-at="2016-10-01T13:13:29Z" finished-at="2016-10-01T13:14:30Z">
          <reporter-output>
          </reporter-output>
        </test-method> <!-- testEasy -->
      </class> <!-- demose.demose.App -->
    </test> <!-- Default test -->
  </suite> <!-- Default suite -->
</testng-results>
